  Generating SVNVersion.inc
  Building Custom Rule D:/Project/ollvm-tll/tools/clang/lib/Basic/CMakeLists.txt
  Attributes.cpp
  Builtins.cpp
  CharInfo.cpp
  Cuda.cpp
  Diagnostic.cpp
  DiagnosticIDs.cpp
  DiagnosticOptions.cpp
  FileManager.cpp
  FileSystemStatCache.cpp
  IdentifierTable.cpp
  LangOptions.cpp
  MemoryBufferCache.cpp
  Module.cpp
  ObjCRuntime.cpp
  OpenMPKinds.cpp
  OperatorPrecedence.cpp
  SanitizerBlacklist.cpp
  SanitizerSpecialCaseList.cpp
  Sanitizers.cpp
  SourceLocation.cpp
  SourceManager.cpp
  TargetInfo.cpp
  Targets.cpp
  AArch64.cpp
  AMDGPU.cpp
  ARM.cpp
  AVR.cpp
  BPF.cpp
  Hexagon.cpp
  Lanai.cpp
  Le64.cpp
  MSP430.cpp
  Mips.cpp
  NVPTX.cpp
  Nios2.cpp
  OSTargets.cpp
  PNaCl.cpp
  PPC.cpp
  SPIR.cpp
  Sparc.cpp
  SystemZ.cpp
  TCE.cpp
  WebAssembly.cpp
  X86.cpp
  XCore.cpp
  TokenKinds.cpp
  VersionTuple.cpp
  VirtualFileSystem.cpp
  Warnings.cpp
  XRayLists.cpp
  Version.cpp
  clangBasic.vcxproj -> D:\Project\ollvm-tll\build\Release\lib\clangBasic.lib
