  Building Custom Rule D:/Project/ollvm-tll/lib/Target/ARM/CMakeLists.txt
  A15SDOptimizer.cpp
  ARMAsmPrinter.cpp
  ARMBaseInstrInfo.cpp
  ARMBaseRegisterInfo.cpp
  ARMCallLowering.cpp
  ARMConstantIslandPass.cpp
  ARMConstantPoolValue.cpp
  ARMExpandPseudoInsts.cpp
  ARMFastISel.cpp
  ARMFrameLowering.cpp
  ARMHazardRecognizer.cpp
  ARMInstructionSelector.cpp
  ARMISelDAGToDAG.cpp
  ARMISelLowering.cpp
  ARMInstrInfo.cpp
  ARMLegalizerInfo.cpp
  ARMLoadStoreOptimizer.cpp
  ARMMCInstLower.cpp
  ARMMachineFunctionInfo.cpp
  ARMMacroFusion.cpp
  ARMRegisterInfo.cpp
  ARMOptimizeBarriersPass.cpp
  ARMRegisterBankInfo.cpp
  ARMSelectionDAGInfo.cpp
  ARMSubtarget.cpp
  ARMTargetMachine.cpp
  ARMTargetObjectFile.cpp
  ARMTargetTransformInfo.cpp
  MLxExpansionPass.cpp
  Thumb1FrameLowering.cpp
  Thumb1InstrInfo.cpp
  ThumbRegisterInfo.cpp
  Thumb2ITBlockPass.cpp
  Thumb2InstrInfo.cpp
  Thumb2SizeReduction.cpp
  ARMComputeBlockSize.cpp
  LLVMARMCodeGen.vcxproj -> D:\Project\ollvm-tll\build\Release\lib\LLVMARMCodeGen.lib
