  Building Custom Rule D:/Project/ollvm-tll/lib/DebugInfo/PDB/CMakeLists.txt
  GenericError.cpp
  IPDBSourceFile.cpp
  PDB.cpp
  PDBContext.cpp
  PDBExtras.cpp
  PDBInterfaceAnchors.cpp
  PDBSymbol.cpp
  PDBSymbolAnnotation.cpp
  PDBSymbolBlock.cpp
  PDBSymbolCompiland.cpp
  PDBSymbolCompilandDetails.cpp
  PDBSymbolCompilandEnv.cpp
  PDBSymbolCustom.cpp
  PDBSymbolData.cpp
  PDBSymbolExe.cpp
  PDBSymbolFunc.cpp
  PDBSymbolFuncDebugEnd.cpp
  PDBSymbolFuncDebugStart.cpp
  PDBSymbolLabel.cpp
  PDBSymbolPublicSymbol.cpp
  PDBSymbolThunk.cpp
  PDBSymbolTypeArray.cpp
  PDBSymbolTypeBaseClass.cpp
  PDBSymbolTypeBuiltin.cpp
  PDBSymbolTypeCustom.cpp
  PDBSymbolTypeDimension.cpp
  PDBSymbolTypeEnum.cpp
  PDBSymbolTypeFriend.cpp
  PDBSymbolTypeFunctionArg.cpp
  PDBSymbolTypeFunctionSig.cpp
  PDBSymbolTypeManaged.cpp
  PDBSymbolTypePointer.cpp
  PDBSymbolTypeTypedef.cpp
  PDBSymbolTypeUDT.cpp
  PDBSymbolTypeVTable.cpp
  PDBSymbolTypeVTableShape.cpp
  PDBSymbolUnknown.cpp
  PDBSymbolUsingNamespace.cpp
  PDBSymDumper.cpp
  UDTLayout.cpp
  DbiModuleDescriptor.cpp
  DbiModuleDescriptorBuilder.cpp
  DbiModuleList.cpp
  DbiStream.cpp
  DbiStreamBuilder.cpp
  EnumTables.cpp
  GlobalsStream.cpp
  Hash.cpp
  HashTable.cpp
  InfoStream.cpp
  InfoStreamBuilder.cpp
  ModuleDebugStream.cpp
  NativeBuiltinSymbol.cpp
  NativeCompilandSymbol.cpp
  NativeEnumModules.cpp
  NativeEnumSymbol.cpp
  NativeEnumTypes.cpp
  NativeExeSymbol.cpp
  NativeRawSymbol.cpp
  NamedStreamMap.cpp
  NativeSession.cpp
  PDBFile.cpp
  PDBFileBuilder.cpp
  PDBStringTable.cpp
  PDBStringTableBuilder.cpp
  PublicsStream.cpp
  GSIStreamBuilder.cpp
  RawError.cpp
  SymbolStream.cpp
  TpiHashing.cpp
  TpiStream.cpp
  TpiStreamBuilder.cpp
  LLVMDebugInfoPDB.vcxproj -> D:\Project\ollvm-tll\build\Release\lib\LLVMDebugInfoPDB.lib
