  Building AArch64GenRegisterInfo.inc...
  Building AArch64GenInstrInfo.inc...
  Building AArch64GenMCCodeEmitter.inc...
  Building AArch64GenMCPseudoLowering.inc...
  Building AArch64GenAsmWriter.inc...
  Building AArch64GenAsmWriter1.inc...
  Building AArch64GenAsmMatcher.inc...
  Building AArch64GenDAGISel.inc...
  Building AArch64GenFastISel.inc...
  Building AArch64GenCallingConv.inc...
  Building AArch64GenSubtargetInfo.inc...
  Building AArch64GenDisassemblerTables.inc...
  Building AArch64GenSystemOperands.inc...
  Building AArch64GenRegisterBank.inc...
  Building AArch64GenGlobalISel.inc...
  Building Custom Rule D:/Project/ollvm-tll/lib/Target/AArch64/CMakeLists.txt
  Updating AArch64GenRegisterInfo.inc...
  Updating AArch64GenInstrInfo.inc...
  Updating AArch64GenMCCodeEmitter.inc...
  Updating AArch64GenMCPseudoLowering.inc...
  Updating AArch64GenAsmWriter.inc...
  Updating AArch64GenAsmWriter1.inc...
  Updating AArch64GenAsmMatcher.inc...
  Updating AArch64GenDAGISel.inc...
  Updating AArch64GenFastISel.inc...
  Updating AArch64GenCallingConv.inc...
  Updating AArch64GenSubtargetInfo.inc...
  Updating AArch64GenDisassemblerTables.inc...
  Updating AArch64GenSystemOperands.inc...
  Updating AArch64GenRegisterBank.inc...
  Updating AArch64GenGlobalISel.inc...
