  Copying clang's adxintrin.h...
  Copying clang's altivec.h...
  Copying clang's ammintrin.h...
  Copying clang's arm_acle.h...
  Copying clang's armintr.h...
  Copying clang's arm64intr.h...
  Copying clang's avx2intrin.h...
  Copying clang's avx512bwintrin.h...
  Copying clang's avx512bitalgintrin.h...
  Copying clang's avx512vlbitalgintrin.h...
  Copying clang's avx512cdintrin.h...
  Copying clang's avx512vpopcntdqintrin.h...
  Copying clang's avx512dqintrin.h...
  Copying clang's avx512erintrin.h...
  Copying clang's avx512fintrin.h...
  Copying clang's avx512ifmaintrin.h...
  Copying clang's avx512ifmavlintrin.h...
  Copying clang's avx512pfintrin.h...
  Copying clang's avx512vbmiintrin.h...
  Copying clang's avx512vbmivlintrin.h...
  Copying clang's avx512vbmi2intrin.h...
  Copying clang's avx512vlvbmi2intrin.h...
  Copying clang's avx512vlbwintrin.h...
  Copying clang's avx512vlcdintrin.h...
  Copying clang's avx512vldqintrin.h...
  Copying clang's avx512vlintrin.h...
  Copying clang's avx512vpopcntdqvlintrin.h...
  Copying clang's avx512vnniintrin.h...
  Copying clang's avx512vlvnniintrin.h...
  Copying clang's avxintrin.h...
  Copying clang's bmi2intrin.h...
  Copying clang's bmiintrin.h...
  Copying clang's __clang_cuda_builtin_vars.h...
  Copying clang's __clang_cuda_cmath.h...
  Copying clang's __clang_cuda_complex_builtins.h...
  Copying clang's __clang_cuda_intrinsics.h...
  Copying clang's __clang_cuda_math_forward_declares.h...
  Copying clang's __clang_cuda_runtime_wrapper.h...
  Copying clang's cetintrin.h...
  Copying clang's clzerointrin.h...
  Copying clang's cpuid.h...
  Copying clang's clflushoptintrin.h...
  Copying clang's clwbintrin.h...
  Copying clang's emmintrin.h...
  Copying clang's f16cintrin.h...
  Copying clang's float.h...
  Copying clang's fma4intrin.h...
  Copying clang's fmaintrin.h...
  Copying clang's fxsrintrin.h...
  Copying clang's gfniintrin.h...
  Copying clang's htmintrin.h...
  Copying clang's htmxlintrin.h...
  Copying clang's ia32intrin.h...
  Copying clang's immintrin.h...
  Copying clang's intrin.h...
  Copying clang's inttypes.h...
  Copying clang's iso646.h...
  Copying clang's limits.h...
  Copying clang's lwpintrin.h...
  Copying clang's lzcntintrin.h...
  Copying clang's mm3dnow.h...
  Copying clang's mmintrin.h...
  Copying clang's mm_malloc.h...
  Copying clang's module.modulemap...
  Copying clang's msa.h...
  Copying clang's mwaitxintrin.h...
  Copying clang's nmmintrin.h...
  Copying clang's opencl-c.h...
  Copying clang's pkuintrin.h...
  Copying clang's pmmintrin.h...
  Copying clang's popcntintrin.h...
  Copying clang's prfchwintrin.h...
  Copying clang's rdseedintrin.h...
  Copying clang's rtmintrin.h...
  Copying clang's s390intrin.h...
  Copying clang's shaintrin.h...
  Copying clang's smmintrin.h...
  Copying clang's stdalign.h...
  Copying clang's stdarg.h...
  Copying clang's stdatomic.h...
  Copying clang's stdbool.h...
  Copying clang's stddef.h...
  Copying clang's __stddef_max_align_t.h...
  Copying clang's stdint.h...
  Copying clang's stdnoreturn.h...
  Copying clang's tbmintrin.h...
  Copying clang's tgmath.h...
  Copying clang's tmmintrin.h...
  Copying clang's unwind.h...
  Copying clang's vadefs.h...
  Copying clang's vaesintrin.h...
  Copying clang's varargs.h...
  Copying clang's vecintrin.h...
  Copying clang's vpclmulqdqintrin.h...
  Copying clang's wmmintrin.h...
  Copying clang's __wmmintrin_aes.h...
  Copying clang's __wmmintrin_pclmul.h...
  Copying clang's x86intrin.h...
  Copying clang's xmmintrin.h...
  Copying clang's xopintrin.h...
  Copying clang's xsavecintrin.h...
  Copying clang's xsaveintrin.h...
  Copying clang's xsaveoptintrin.h...
  Copying clang's xsavesintrin.h...
  Copying clang's xtestintrin.h...
  Copying clang's cuda_wrappers/algorithm...
  Copying clang's cuda_wrappers/complex...
  Copying clang's cuda_wrappers/new...
  Building arm_neon.h...
  Building Custom Rule D:/Project/ollvm-tll/tools/clang/lib/Headers/CMakeLists.txt
  Updating arm_neon.h...
  Copying clang's arm_neon.h...
