  Building Custom Rule D:/Project/ollvm-tll/lib/Target/PowerPC/CMakeLists.txt
  PPCBoolRetToInt.cpp
  PPCAsmPrinter.cpp
  PPCBranchSelector.cpp
  PPCBranchCoalescing.cpp
  PPCCCState.cpp
  PPCCTRLoops.cpp
  PPCHazardRecognizers.cpp
  PPCInstrInfo.cpp
  PPCISelDAGToDAG.cpp
  PPCISelLowering.cpp
  PPCEarlyReturn.cpp
  PPCFastISel.cpp
  PPCFrameLowering.cpp
  PPCLoopPreIncPrep.cpp
  PPCMCInstLower.cpp
  PPCMachineFunctionInfo.cpp
  PPCMIPeephole.cpp
  PPCRegisterInfo.cpp
  PPCQPXLoadSplat.cpp
  PPCSubtarget.cpp
  PPCTargetMachine.cpp
  PPCTargetObjectFile.cpp
  PPCTargetTransformInfo.cpp
  PPCTOCRegDeps.cpp
  PPCTLSDynamicCall.cpp
  PPCVSXCopy.cpp
  PPCReduceCRLogicals.cpp
  PPCVSXFMAMutate.cpp
  PPCVSXSwapRemoval.cpp
  PPCExpandISEL.cpp
  PPCPreEmitPeephole.cpp
  LLVMPowerPCCodeGen.vcxproj -> D:\Project\ollvm-tll\build\Release\lib\LLVMPowerPCCodeGen.lib
