  Building Custom Rule D:/Project/ollvm-tll/lib/DebugInfo/CodeView/CMakeLists.txt
  AppendingTypeTableBuilder.cpp
  CodeViewError.cpp
  CodeViewRecordIO.cpp
  ContinuationRecordBuilder.cpp
  CVSymbolVisitor.cpp
  CVTypeVisitor.cpp
  DebugChecksumsSubsection.cpp
  DebugCrossExSubsection.cpp
  DebugCrossImpSubsection.cpp
  DebugFrameDataSubsection.cpp
  DebugInlineeLinesSubsection.cpp
  DebugLinesSubsection.cpp
  DebugStringTableSubsection.cpp
  DebugSubsection.cpp
  DebugSubsectionRecord.cpp
  DebugSubsectionVisitor.cpp
  DebugSymbolRVASubsection.cpp
  DebugSymbolsSubsection.cpp
  EnumTables.cpp
  Formatters.cpp
  GlobalTypeTableBuilder.cpp
  LazyRandomTypeCollection.cpp
  Line.cpp
  MergingTypeTableBuilder.cpp
  RecordName.cpp
  RecordSerialization.cpp
  SimpleTypeSerializer.cpp
  StringsAndChecksums.cpp
  SymbolRecordMapping.cpp
  SymbolDumper.cpp
  SymbolSerializer.cpp
  TypeDumpVisitor.cpp
  TypeIndex.cpp
  TypeIndexDiscovery.cpp
  TypeHashing.cpp
  TypeRecordMapping.cpp
  TypeStreamMerger.cpp
  TypeTableCollection.cpp
  LLVMDebugInfoCodeView.vcxproj -> D:\Project\ollvm-tll\build\Release\lib\LLVMDebugInfoCodeView.lib
