  Building Custom Rule D:/Project/ollvm-tll/utils/TableGen/CMakeLists.txt
  AsmMatcherEmitter.cpp
  AsmWriterEmitter.cpp
  AsmWriterInst.cpp
  Attributes.cpp
  CallingConvEmitter.cpp
  CodeEmitterGen.cpp
  CodeGenDAGPatterns.cpp
  CodeGenHwModes.cpp
  CodeGenInstruction.cpp
  CodeGenMapTable.cpp
  CodeGenRegisters.cpp
  CodeGenSchedule.cpp
  CodeGenTarget.cpp
  DAGISelEmitter.cpp
  DAGISelMatcherEmitter.cpp
  DAGISelMatcherGen.cpp
  DAGISelMatcherOpt.cpp
  DAGISelMatcher.cpp
  DFAPacketizerEmitter.cpp
  DisassemblerEmitter.cpp
  FastISelEmitter.cpp
  FixedLenDecoderEmitter.cpp
  GlobalISelEmitter.cpp
  InfoByHwMode.cpp
  InstrInfoEmitter.cpp
  InstrDocsEmitter.cpp
  IntrinsicEmitter.cpp
  OptParserEmitter.cpp
  PseudoLoweringEmitter.cpp
  RegisterBankEmitter.cpp
  RegisterInfoEmitter.cpp
  SDNodeProperties.cpp
  SearchableTableEmitter.cpp
  SubtargetEmitter.cpp
  SubtargetFeatureInfo.cpp
  TableGen.cpp
  Types.cpp
  X86DisassemblerTables.cpp
  X86EVEX2VEXTablesEmitter.cpp
  X86FoldTablesEmitter.cpp
  X86ModRMFilters.cpp
  X86RecognizableInstr.cpp
  CTagsEmitter.cpp
  obj.llvm-tblgen.vcxproj -> D:\Project\ollvm-tll\build\utils\TableGen\obj.llvm-tblgen.dir\Release\obj.llvm-tblgen.lib
