  Building Custom Rule D:/Project/ollvm-tll/tools/clang/lib/Lex/CMakeLists.txt
  HeaderMap.cpp
  HeaderSearch.cpp
  Lexer.cpp
  LiteralSupport.cpp
  MacroArgs.cpp
  MacroInfo.cpp
  ModuleMap.cpp
  PPCaching.cpp
  PPCallbacks.cpp
  PPConditionalDirectiveRecord.cpp
  PPDirectives.cpp
  PPExpressions.cpp
  PPLexerChange.cpp
  PPMacroExpansion.cpp
  PTHLexer.cpp
  Pragma.cpp
  PreprocessingRecord.cpp
  Preprocessor.cpp
  PreprocessorLexer.cpp
  ScratchBuffer.cpp
  TokenConcatenation.cpp
  TokenLexer.cpp
  clangLex.vcxproj -> D:\Project\ollvm-tll\build\Release\lib\clangLex.lib
