  Building Custom Rule D:/Project/ollvm-tll/tools/clang/lib/Frontend/CMakeLists.txt
  ASTConsumers.cpp
  ASTMerge.cpp
  ASTUnit.cpp
  CacheTokens.cpp
  ChainedDiagnosticConsumer.cpp
  ChainedIncludesSource.cpp
  CodeGenOptions.cpp
  CompilerInstance.cpp
  CompilerInvocation.cpp
  CreateInvocationFromCommandLine.cpp
  DependencyFile.cpp
  DependencyGraph.cpp
  DiagnosticRenderer.cpp
  FrontendAction.cpp
  FrontendActions.cpp
  FrontendOptions.cpp
  HeaderIncludeGen.cpp
  InitHeaderSearch.cpp
  InitPreprocessor.cpp
  LangStandards.cpp
  LayoutOverrideSource.cpp
  LogDiagnosticPrinter.cpp
  ModuleDependencyCollector.cpp
  MultiplexConsumer.cpp
  PCHContainerOperations.cpp
  PrecompiledPreamble.cpp
  PrintPreprocessedOutput.cpp
  SerializedDiagnosticPrinter.cpp
  SerializedDiagnosticReader.cpp
  TestModuleFileExtension.cpp
  TextDiagnostic.cpp
  TextDiagnosticBuffer.cpp
  TextDiagnosticPrinter.cpp
  VerifyDiagnosticConsumer.cpp
  clangFrontend.vcxproj -> D:\Project\ollvm-tll\build\Release\lib\clangFrontend.lib
