  Building X86GenRegisterInfo.inc...
  Building X86GenDisassemblerTables.inc...
  Building X86GenInstrInfo.inc...
  Building X86GenAsmWriter.inc...
  Building X86GenAsmWriter1.inc...
  Building X86GenAsmMatcher.inc...
  Building X86GenDAGISel.inc...
  Building X86GenFastISel.inc...
  Building X86GenCallingConv.inc...
  Building X86GenSubtargetInfo.inc...
  Building X86GenEVEX2VEXTables.inc...
  Building X86GenRegisterBank.inc...
  Building X86GenGlobalISel.inc...
  Building Custom Rule D:/Project/ollvm-tll/lib/Target/X86/CMakeLists.txt
  Updating X86GenRegisterInfo.inc...
  Updating X86GenDisassemblerTables.inc...
  Updating X86GenInstrInfo.inc...
  Updating X86GenAsmWriter.inc...
  Updating X86GenAsmWriter1.inc...
  Updating X86GenAsmMatcher.inc...
  Updating X86GenDAGISel.inc...
  Updating X86GenFastISel.inc...
  Updating X86GenCallingConv.inc...
  Updating X86GenSubtargetInfo.inc...
  Updating X86GenEVEX2VEXTables.inc...
  Updating X86GenRegisterBank.inc...
  Updating X86GenGlobalISel.inc...
