  Building Custom Rule D:/Project/ollvm-tll/lib/Transforms/Obfuscation/CMakeLists.txt
  CryptoUtils.cpp
  Substitution.cpp
  BogusControlFlow.cpp
  Utils.cpp
  SplitBasicBlocks.cpp
  Flattening.cpp
  StringObfuscation.cpp
C:\Program Files (x86)\Windows Kits\10\Include\10.0.18362.0\um\winnt.h(121,1): warning C4005: “UNALIGNED”: 宏重定义 (编译源文件 D:\Project\ollvm-tll\lib\Transforms\Obfuscation\CryptoUtils.cpp)
D:\Project\ollvm-tll\include\llvm/CryptoUtils.h(56): message : 参见“UNALIGNED”的前一个定义 (编译源文件 D:\Project\ollvm-tll\lib\Transforms\Obfuscation\CryptoUtils.cpp)
D:\Project\ollvm-tll\include\llvm\IR\Instruction.h(671): warning C4789: 缓冲区“i”(大小为 8 字节)将溢出；2 字节将在偏移 18 时开始写入
D:\Project\ollvm-tll\include\llvm\IR\Instruction.h(671): warning C4789: 缓冲区“i”(大小为 8 字节)将溢出；2 字节将在偏移 18 时开始写入
D:\Project\ollvm-tll\include\llvm\IR\Instruction.h(671): warning C4789: 缓冲区“i”(大小为 8 字节)将溢出；2 字节将在偏移 18 时开始写入
D:\Project\ollvm-tll\include\llvm\IR\Instruction.h(671): warning C4789: 缓冲区“i”(大小为 8 字节)将溢出；2 字节将在偏移 18 时开始写入
D:\Project\ollvm-tll\include\llvm\IR\Instruction.h(671): warning C4789: 缓冲区“i”(大小为 8 字节)将溢出；2 字节将在偏移 18 时开始写入
D:\Project\ollvm-tll\include\llvm\IR\Instruction.h(671): warning C4789: 缓冲区“i”(大小为 8 字节)将溢出；2 字节将在偏移 18 时开始写入
D:\Project\ollvm-tll\include\llvm\IR\Instruction.h(671): warning C4789: 缓冲区“i”(大小为 8 字节)将溢出；2 字节将在偏移 18 时开始写入
D:\Project\ollvm-tll\include\llvm\IR\Instruction.h(671): warning C4789: 缓冲区“i”(大小为 8 字节)将溢出；2 字节将在偏移 18 时开始写入
D:\Project\ollvm-tll\include\llvm\IR\Instruction.h(671): warning C4789: 缓冲区“i”(大小为 8 字节)将溢出；2 字节将在偏移 18 时开始写入
D:\Project\ollvm-tll\include\llvm\IR\Instruction.h(671): warning C4789: 缓冲区“i”(大小为 8 字节)将溢出；2 字节将在偏移 18 时开始写入
D:\Project\ollvm-tll\include\llvm\IR\Instruction.h(671): warning C4789: 缓冲区“i”(大小为 8 字节)将溢出；2 字节将在偏移 18 时开始写入
D:\Project\ollvm-tll\include\llvm\IR\Instruction.h(671): warning C4789: 缓冲区“i”(大小为 8 字节)将溢出；2 字节将在偏移 18 时开始写入
D:\Project\ollvm-tll\include\llvm\IR\Instruction.h(671): warning C4789: 缓冲区“i”(大小为 8 字节)将溢出；2 字节将在偏移 18 时开始写入
D:\Project\ollvm-tll\include\llvm\IR\Instruction.h(671): warning C4789: 缓冲区“i”(大小为 8 字节)将溢出；2 字节将在偏移 18 时开始写入
D:\Project\ollvm-tll\include\llvm\IR\Instruction.h(671): warning C4789: 缓冲区“i”(大小为 8 字节)将溢出；2 字节将在偏移 18 时开始写入
D:\Project\ollvm-tll\include\llvm\IR\Instruction.h(671): warning C4789: 缓冲区“i”(大小为 8 字节)将溢出；2 字节将在偏移 18 时开始写入
D:\Project\ollvm-tll\include\llvm\IR\Instruction.h(671): warning C4789: 缓冲区“i”(大小为 8 字节)将溢出；2 字节将在偏移 18 时开始写入
D:\Project\ollvm-tll\include\llvm\IR\Instruction.h(671): warning C4789: 缓冲区“i”(大小为 8 字节)将溢出；2 字节将在偏移 18 时开始写入
D:\Project\ollvm-tll\include\llvm\IR\Instruction.h(671): warning C4789: 缓冲区“i”(大小为 8 字节)将溢出；2 字节将在偏移 18 时开始写入
D:\Project\ollvm-tll\include\llvm\IR\Instruction.h(671): warning C4789: 缓冲区“i”(大小为 8 字节)将溢出；2 字节将在偏移 18 时开始写入
D:\Project\ollvm-tll\include\llvm\IR\Instruction.h(671): warning C4789: 缓冲区“i”(大小为 8 字节)将溢出；2 字节将在偏移 18 时开始写入
D:\Project\ollvm-tll\include\llvm\IR\Instruction.h(671): warning C4789: 缓冲区“i”(大小为 8 字节)将溢出；2 字节将在偏移 18 时开始写入
  LLVMObfuscation.vcxproj -> D:\Project\ollvm-tll\build\Release\lib\LLVMObfuscation.lib
