  Building MipsGenRegisterInfo.inc...
  Building MipsGenInstrInfo.inc...
  Building MipsGenDisassemblerTables.inc...
  Building MipsGenMCCodeEmitter.inc...
  Building MipsGenAsmWriter.inc...
  Building MipsGenDAGISel.inc...
  Building MipsGenFastISel.inc...
  Building MipsGenCallingConv.inc...
  Building MipsGenSubtargetInfo.inc...
  Building MipsGenAsmMatcher.inc...
  Building MipsGenMCPseudoLowering.inc...
  Building Custom Rule D:/Project/ollvm-tll/lib/Target/Mips/CMakeLists.txt
  Updating MipsGenRegisterInfo.inc...
  Updating MipsGenInstrInfo.inc...
  Updating MipsGenDisassemblerTables.inc...
  Updating MipsGenMCCodeEmitter.inc...
  Updating MipsGenAsmWriter.inc...
  Updating MipsGenDAGISel.inc...
  Updating MipsGenFastISel.inc...
  Updating MipsGenCallingConv.inc...
  Updating MipsGenSubtargetInfo.inc...
  Updating MipsGenAsmMatcher.inc...
  Updating MipsGenMCPseudoLowering.inc...
