  Building Custom Rule D:/Project/ollvm-tll/lib/Target/X86/CMakeLists.txt
  X86AsmPrinter.cpp
  X86CallFrameOptimization.cpp
  X86CallLowering.cpp
  X86CmovConversion.cpp
  X86DomainReassignment.cpp
  X86ExpandPseudo.cpp
  X86FastISel.cpp
  X86FixupBWInsts.cpp
  X86FixupLEAs.cpp
  X86FixupSetCC.cpp
  X86FloatingPoint.cpp
  X86FrameLowering.cpp
  X86InstructionSelector.cpp
  X86ISelDAGToDAG.cpp
  X86ISelLowering.cpp
  X86InterleavedAccess.cpp
  X86InstrFMA3Info.cpp
  X86InstrInfo.cpp
  X86EvexToVex.cpp
  X86LegalizerInfo.cpp
  X86MCInstLower.cpp
  X86MachineFunctionInfo.cpp
  X86MacroFusion.cpp
  X86OptimizeLEAs.cpp
  X86PadShortFunction.cpp
  X86RegisterBankInfo.cpp
  X86RegisterInfo.cpp
  X86RetpolineThunks.cpp
  X86SelectionDAGInfo.cpp
  X86ShuffleDecodeConstantPool.cpp
  X86Subtarget.cpp
  X86TargetMachine.cpp
  X86TargetObjectFile.cpp
  X86TargetTransformInfo.cpp
  X86VZeroUpper.cpp
  X86WinAllocaExpander.cpp
  X86WinEHState.cpp
  X86CallingConv.cpp
  LLVMX86CodeGen.vcxproj -> D:\Project\ollvm-tll\build\Release\lib\LLVMX86CodeGen.lib
