  Building Custom Rule D:/Project/ollvm-tll/lib/Target/AMDGPU/CMakeLists.txt
  AMDGPUAliasAnalysis.cpp
  AMDGPUAlwaysInlinePass.cpp
  AMDGPUAnnotateKernelFeatures.cpp
  AMDGPUAnnotateUniformValues.cpp
  AMDGPUArgumentUsageInfo.cpp
  AMDGPUAsmPrinter.cpp
  AMDGPUCallLowering.cpp
  AMDGPUCodeGenPrepare.cpp
  AMDGPUFrameLowering.cpp
  AMDGPUInstrInfo.cpp
  AMDGPUInstructionSelector.cpp
  AMDGPUIntrinsicInfo.cpp
  AMDGPUISelDAGToDAG.cpp
  AMDGPUISelLowering.cpp
  AMDGPULegalizerInfo.cpp
  AMDGPULibCalls.cpp
  AMDGPULibFunc.cpp
  AMDGPULowerIntrinsics.cpp
  AMDGPUMachineCFGStructurizer.cpp
  AMDGPUMachineFunction.cpp
  AMDGPUMachineModuleInfo.cpp
  AMDGPUMacroFusion.cpp
  AMDGPUMCInstLower.cpp
  AMDGPUOpenCLEnqueuedBlockLowering.cpp
  AMDGPUOpenCLImageTypeLoweringPass.cpp
  AMDGPUPromoteAlloca.cpp
  AMDGPURegAsmNames.inc.cpp
  AMDGPURegisterBankInfo.cpp
  AMDGPURegisterInfo.cpp
  AMDGPURewriteOutArguments.cpp
  AMDGPUSubtarget.cpp
  AMDGPUTargetMachine.cpp
  AMDGPUTargetObjectFile.cpp
  AMDGPUTargetTransformInfo.cpp
  AMDGPUUnifyDivergentExitNodes.cpp
  AMDGPUUnifyMetadata.cpp
  AMDGPUInline.cpp
  AMDILCFGStructurizer.cpp
  GCNHazardRecognizer.cpp
  GCNIterativeScheduler.cpp
  GCNMinRegStrategy.cpp
  GCNRegPressure.cpp
  GCNSchedStrategy.cpp
  R600ClauseMergePass.cpp
  R600ControlFlowFinalizer.cpp
  R600EmitClauseMarkers.cpp
  R600ExpandSpecialInstrs.cpp
  R600FrameLowering.cpp
  R600InstrInfo.cpp
  R600ISelLowering.cpp
  R600MachineFunctionInfo.cpp
  R600MachineScheduler.cpp
  R600OptimizeVectorRegisters.cpp
  R600Packetizer.cpp
  R600RegisterInfo.cpp
  SIAnnotateControlFlow.cpp
  SIDebuggerInsertNops.cpp
  SIFixSGPRCopies.cpp
  SIFixVGPRCopies.cpp
  SIFixWWMLiveness.cpp
  SIFoldOperands.cpp
  SIFrameLowering.cpp
  SIInsertSkips.cpp
  SIInsertWaitcnts.cpp
  SIInsertWaits.cpp
  SIInstrInfo.cpp
  SIISelLowering.cpp
  SILoadStoreOptimizer.cpp
  SILowerControlFlow.cpp
  SILowerI1Copies.cpp
  SIMachineFunctionInfo.cpp
  SIMachineScheduler.cpp
  SIMemoryLegalizer.cpp
  SIOptimizeExecMasking.cpp
  SIOptimizeExecMaskingPreRA.cpp
  SIPeepholeSDWA.cpp
  SIRegisterInfo.cpp
  SIShrinkInstructions.cpp
  SIWholeQuadMode.cpp
  GCNILPSched.cpp
  LLVMAMDGPUCodeGen.vcxproj -> D:\Project\ollvm-tll\build\Release\lib\LLVMAMDGPUCodeGen.lib
