  Building Custom Rule D:/Project/ollvm-tll/tools/clang/lib/StaticAnalyzer/Core/CMakeLists.txt
  APSIntType.cpp
  AnalysisManager.cpp
  AnalyzerOptions.cpp
  BasicValueFactory.cpp
  BlockCounter.cpp
  IssueHash.cpp
  BugReporter.cpp
  BugReporterVisitors.cpp
  CallEvent.cpp
  Checker.cpp
  CheckerContext.cpp
  CheckerHelpers.cpp
  CheckerManager.cpp
  CheckerRegistry.cpp
  CommonBugCategories.cpp
  ConstraintManager.cpp
  CoreEngine.cpp
  DynamicTypeMap.cpp
  Environment.cpp
  ExplodedGraph.cpp
  ExprEngine.cpp
  ExprEngineC.cpp
  ExprEngineCXX.cpp
  ExprEngineCallAndReturn.cpp
  ExprEngineObjC.cpp
  FunctionSummary.cpp
  HTMLDiagnostics.cpp
  LoopUnrolling.cpp
  LoopWidening.cpp
  MemRegion.cpp
  PathDiagnostic.cpp
  PlistDiagnostics.cpp
  ProgramState.cpp
  RangeConstraintManager.cpp
  RangedConstraintManager.cpp
  RegionStore.cpp
  SValBuilder.cpp
  SVals.cpp
  SimpleConstraintManager.cpp
  SimpleSValBuilder.cpp
  Store.cpp
  SubEngine.cpp
  SymbolManager.cpp
  Z3ConstraintManager.cpp
  clangStaticAnalyzerCore.vcxproj -> D:\Project\ollvm-tll\build\Release\lib\clangStaticAnalyzerCore.lib
