  Building Custom Rule D:/Project/ollvm-tll/tools/clang/lib/CodeGen/CMakeLists.txt
  BackendUtil.cpp
  CGAtomic.cpp
  CGBlocks.cpp
  CGBuiltin.cpp
  CGCUDANV.cpp
  CGCUDARuntime.cpp
  CGCXX.cpp
  CGCXXABI.cpp
  CGCall.cpp
  CGClass.cpp
  CGCleanup.cpp
  CGCoroutine.cpp
  CGDebugInfo.cpp
  CGDecl.cpp
  CGDeclCXX.cpp
  CGException.cpp
  CGExpr.cpp
  CGExprAgg.cpp
  CGExprCXX.cpp
  CGExprComplex.cpp
  CGExprConstant.cpp
  CGExprScalar.cpp
  CGGPUBuiltin.cpp
  CGLoopInfo.cpp
  CGObjC.cpp
  CGObjCGNU.cpp
  CGObjCMac.cpp
  CGObjCRuntime.cpp
  CGOpenCLRuntime.cpp
  CGOpenMPRuntime.cpp
  CGOpenMPRuntimeNVPTX.cpp
  CGRecordLayoutBuilder.cpp
  CGStmt.cpp
  CGStmtOpenMP.cpp
  CGVTT.cpp
  CGVTables.cpp
  CodeGenABITypes.cpp
  CodeGenAction.cpp
  CodeGenFunction.cpp
  CodeGenModule.cpp
  CodeGenPGO.cpp
  CodeGenTBAA.cpp
  CodeGenTypes.cpp
  ConstantInitBuilder.cpp
  CoverageMappingGen.cpp
  ItaniumCXXABI.cpp
  MacroPPCallbacks.cpp
  MicrosoftCXXABI.cpp
  ModuleBuilder.cpp
  ObjectFilePCHContainerOperations.cpp
  SanitizerMetadata.cpp
  SwiftCallingConv.cpp
  TargetInfo.cpp
  VarBypassDetector.cpp
  clangCodeGen.vcxproj -> D:\Project\ollvm-tll\build\Release\lib\clangCodeGen.lib
