  Building Custom Rule D:/Project/ollvm-tll/lib/Target/Hexagon/CMakeLists.txt
  BitTracker.cpp
  HexagonAsmPrinter.cpp
  HexagonBitSimplify.cpp
  HexagonBitTracker.cpp
  HexagonBlockRanges.cpp
  HexagonBranchRelaxation.cpp
  HexagonCFGOptimizer.cpp
  HexagonCommonGEP.cpp
  HexagonConstExtenders.cpp
  HexagonConstPropagation.cpp
  HexagonCopyToCombine.cpp
  HexagonEarlyIfConv.cpp
  HexagonExpandCondsets.cpp
  HexagonFixupHwLoops.cpp
  HexagonFrameLowering.cpp
  HexagonGatherPacketize.cpp
  HexagonGenExtract.cpp
  HexagonGenInsert.cpp
  HexagonGenMux.cpp
  HexagonGenPredicate.cpp
  HexagonHardwareLoops.cpp
  HexagonHazardRecognizer.cpp
  HexagonInstrInfo.cpp
  HexagonISelDAGToDAG.cpp
  HexagonISelDAGToDAGHVX.cpp
  HexagonISelLowering.cpp
  HexagonISelLoweringHVX.cpp
  HexagonLoopIdiomRecognition.cpp
  HexagonMachineFunctionInfo.cpp
  HexagonMachineScheduler.cpp
  HexagonMCInstLower.cpp
  HexagonNewValueJump.cpp
  HexagonOptAddrMode.cpp
  HexagonOptimizeSZextends.cpp
  HexagonPeephole.cpp
  HexagonRDFOpt.cpp
  HexagonRegisterInfo.cpp
  HexagonSelectionDAGInfo.cpp
  HexagonSplitConst32AndConst64.cpp
  HexagonSplitDouble.cpp
  HexagonStoreWidening.cpp
  HexagonSubtarget.cpp
  HexagonTargetMachine.cpp
  HexagonTargetObjectFile.cpp
  HexagonTargetTransformInfo.cpp
  HexagonVectorLoopCarriedReuse.cpp
  HexagonVectorPrint.cpp
  HexagonVLIWPacketizer.cpp
  RDFCopy.cpp
  RDFDeadCode.cpp
  RDFGraph.cpp
  RDFLiveness.cpp
  RDFRegisters.cpp
  LLVMHexagonCodeGen.vcxproj -> D:\Project\ollvm-tll\build\Release\lib\LLVMHexagonCodeGen.lib
