  Building Custom Rule D:/Project/ollvm-tll/lib/Target/AArch64/CMakeLists.txt
  AArch64A57FPLoadBalancing.cpp
  AArch64AdvSIMDScalarPass.cpp
  AArch64AsmPrinter.cpp
  AArch64CallLowering.cpp
  AArch64CleanupLocalDynamicTLSPass.cpp
  AArch64CollectLOH.cpp
  AArch64CondBrTuning.cpp
  AArch64ConditionalCompares.cpp
  AArch64DeadRegisterDefinitionsPass.cpp
  AArch64ExpandPseudoInsts.cpp
  AArch64FalkorHWPFFix.cpp
  AArch64FastISel.cpp
  AArch64A53Fix835769.cpp
  AArch64FrameLowering.cpp
  AArch64ConditionOptimizer.cpp
  AArch64RedundantCopyElimination.cpp
  AArch64ISelDAGToDAG.cpp
  AArch64ISelLowering.cpp
  AArch64InstrInfo.cpp
  AArch64InstructionSelector.cpp
  AArch64LegalizerInfo.cpp
  AArch64LoadStoreOptimizer.cpp
  AArch64MacroFusion.cpp
  AArch64MCInstLower.cpp
  AArch64PromoteConstant.cpp
  AArch64PBQPRegAlloc.cpp
  AArch64RegisterBankInfo.cpp
  AArch64RegisterInfo.cpp
  AArch64SelectionDAGInfo.cpp
  AArch64StorePairSuppress.cpp
  AArch64Subtarget.cpp
  AArch64TargetMachine.cpp
  AArch64TargetObjectFile.cpp
  AArch64TargetTransformInfo.cpp
  AArch64SIMDInstrOpt.cpp
  LLVMAArch64CodeGen.vcxproj -> D:\Project\ollvm-tll\build\Release\lib\LLVMAArch64CodeGen.lib
