  Building Custom Rule D:/Project/ollvm-tll/tools/llvm-pdbutil/CMakeLists.txt
  Analyze.cpp
  BytesOutputStyle.cpp
  Diff.cpp
  DiffPrinter.cpp
  DumpOutputStyle.cpp
  InputFile.cpp
  llvm-pdbutil.cpp
  FormatUtil.cpp
  LinePrinter.cpp
  MinimalSymbolDumper.cpp
  MinimalTypeDumper.cpp
  PdbYaml.cpp
  PrettyBuiltinDumper.cpp
  PrettyClassDefinitionDumper.cpp
  PrettyClassLayoutGraphicalDumper.cpp
  PrettyCompilandDumper.cpp
  PrettyEnumDumper.cpp
  PrettyExternalSymbolDumper.cpp
  PrettyFunctionDumper.cpp
  PrettyTypeDumper.cpp
  PrettyTypedefDumper.cpp
  PrettyVariableDumper.cpp
  StreamUtil.cpp
  YAMLOutputStyle.cpp
  llvm-pdbutil.vcxproj -> D:\Project\ollvm-tll\build\Release\bin\llvm-pdbutil.exe
