  Building ARMGenRegisterBank.inc...
  Building ARMGenGlobalISel.inc...
  Building ARMGenRegisterInfo.inc...
  Building ARMGenInstrInfo.inc...
  Building ARMGenMCCodeEmitter.inc...
  Building ARMGenMCPseudoLowering.inc...
  Building ARMGenAsmWriter.inc...
  Building ARMGenAsmMatcher.inc...
  Building ARMGenDAGISel.inc...
  Building ARMGenFastISel.inc...
  Building ARMGenCallingConv.inc...
  Building ARMGenSubtargetInfo.inc...
  Building ARMGenDisassemblerTables.inc...
  Building ARMGenSystemRegister.inc...
  Building Custom Rule D:/Project/ollvm-tll/lib/Target/ARM/CMakeLists.txt
  Updating ARMGenRegisterBank.inc...
  Updating ARMGenGlobalISel.inc...
  Updating ARMGenRegisterInfo.inc...
  Updating ARMGenInstrInfo.inc...
  Updating ARMGenMCCodeEmitter.inc...
  Updating ARMGenMCPseudoLowering.inc...
  Updating ARMGenAsmWriter.inc...
  Updating ARMGenAsmMatcher.inc...
  Updating ARMGenDAGISel.inc...
  Updating ARMGenFastISel.inc...
  Updating ARMGenCallingConv.inc...
  Updating ARMGenSubtargetInfo.inc...
  Updating ARMGenDisassemblerTables.inc...
  Updating ARMGenSystemRegister.inc...
