  Building Custom Rule D:/Project/ollvm-tll/tools/clang/lib/Analysis/CMakeLists.txt
  AnalysisDeclContext.cpp
  BodyFarm.cpp
  CFG.cpp
  CFGReachabilityAnalysis.cpp
  CFGStmtMap.cpp
  CallGraph.cpp
  CloneDetection.cpp
  CocoaConventions.cpp
  Consumed.cpp
  CodeInjector.cpp
  Dominators.cpp
  FormatString.cpp
  LiveVariables.cpp
  OSLog.cpp
  ObjCNoReturn.cpp
  PostOrderCFGView.cpp
  PrintfFormatString.cpp
  ProgramPoint.cpp
  PseudoConstantAnalysis.cpp
  ReachableCode.cpp
  ScanfFormatString.cpp
  ThreadSafety.cpp
  ThreadSafetyCommon.cpp
  ThreadSafetyLogical.cpp
  ThreadSafetyTIL.cpp
  UninitializedValues.cpp
  clangAnalysis.vcxproj -> D:\Project\ollvm-tll\build\Release\lib\clangAnalysis.lib
