  Building Custom Rule D:/Project/ollvm-tll/lib/Target/Mips/CMakeLists.txt
  Mips16FrameLowering.cpp
  Mips16HardFloat.cpp
  Mips16HardFloatInfo.cpp
  Mips16InstrInfo.cpp
  Mips16ISelDAGToDAG.cpp
  Mips16ISelLowering.cpp
  Mips16RegisterInfo.cpp
  MipsAnalyzeImmediate.cpp
  MipsAsmPrinter.cpp
  MipsCCState.cpp
  MipsConstantIslandPass.cpp
  MipsDelaySlotFiller.cpp
  MipsFastISel.cpp
  MipsHazardSchedule.cpp
  MipsInstrInfo.cpp
  MipsISelDAGToDAG.cpp
  MipsISelLowering.cpp
  MipsFrameLowering.cpp
  MipsLongBranch.cpp
  MipsMCInstLower.cpp
  MipsMachineFunction.cpp
  MipsModuleISelDAGToDAG.cpp
  MipsOptimizePICCall.cpp
  MipsOs16.cpp
  MipsRegisterInfo.cpp
  MipsSEFrameLowering.cpp
  MipsSEInstrInfo.cpp
  MipsSEISelDAGToDAG.cpp
  MipsSEISelLowering.cpp
  MipsSERegisterInfo.cpp
  MipsSubtarget.cpp
  MipsTargetMachine.cpp
  MipsTargetObjectFile.cpp
  MicroMipsSizeReduction.cpp
  LLVMMipsCodeGen.vcxproj -> D:\Project\ollvm-tll\build\Release\lib\LLVMMipsCodeGen.lib
