  Building AMDGPUGenRegisterInfo.inc...
  Building AMDGPUGenInstrInfo.inc...
  Building AMDGPUGenDAGISel.inc...
  Building AMDGPUGenCallingConv.inc...
  Building AMDGPUGenSubtargetInfo.inc...
  Building AMDGPUGenIntrinsics.inc...
  Building AMDGPUGenMCCodeEmitter.inc...
  Building AMDGPUGenDFAPacketizer.inc...
  Building AMDGPUGenAsmWriter.inc...
  Building AMDGPUGenAsmMatcher.inc...
  Building AMDGPUGenDisassemblerTables.inc...
  Building AMDGPUGenMCPseudoLowering.inc...
  Building AMDGPUGenRegisterBank.inc...
  Building Custom Rule D:/Project/ollvm-tll/lib/Target/AMDGPU/CMakeLists.txt
  Updating AMDGPUGenRegisterInfo.inc...
  Updating AMDGPUGenInstrInfo.inc...
  Updating AMDGPUGenDAGISel.inc...
  Updating AMDGPUGenCallingConv.inc...
  Updating AMDGPUGenSubtargetInfo.inc...
  Updating AMDGPUGenIntrinsics.inc...
  Updating AMDGPUGenMCCodeEmitter.inc...
  Updating AMDGPUGenDFAPacketizer.inc...
  Updating AMDGPUGenAsmWriter.inc...
  Updating AMDGPUGenAsmMatcher.inc...
  Updating AMDGPUGenDisassemblerTables.inc...
  Updating AMDGPUGenMCPseudoLowering.inc...
  Updating AMDGPUGenRegisterBank.inc...
