  Building Custom Rule D:/Project/ollvm-tll/tools/clang/tools/libclang/CMakeLists.txt
  ARCMigrate.cpp
  BuildSystem.cpp
  CIndex.cpp
  CIndexCXX.cpp
  CIndexCodeCompletion.cpp
  CIndexDiagnostic.cpp
  CIndexHigh.cpp
  CIndexInclusionStack.cpp
  CIndexUSRs.cpp
  CIndexer.cpp
  CXComment.cpp
  CXCursor.cpp
  CXIndexDataConsumer.cpp
  CXCompilationDatabase.cpp
  CXLoadedDiagnostic.cpp
  CXSourceLocation.cpp
  CXStoredDiagnostic.cpp
  CXString.cpp
  CXType.cpp
  Indexing.cpp
    正在创建库 D:/Project/ollvm-tll/build/Release/lib/libclang.lib 和对象 D:/Project/ollvm-tll/build/Release/lib/libclang.exp
  libclang.vcxproj -> D:\Project\ollvm-tll\build\Release\bin\libclang.dll
