  Building Custom Rule D:/Project/ollvm-tll/tools/clang/lib/Sema/CMakeLists.txt
  AnalysisBasedWarnings.cpp
  AttributeList.cpp
  CodeCompleteConsumer.cpp
  DeclSpec.cpp
  DelayedDiagnostic.cpp
  IdentifierResolver.cpp
  JumpDiagnostics.cpp
  MultiplexExternalSemaSource.cpp
  Scope.cpp
  ScopeInfo.cpp
  Sema.cpp
  SemaAccess.cpp
  SemaAttr.cpp
  SemaCXXScopeSpec.cpp
  SemaCast.cpp
  SemaChecking.cpp
  SemaCodeComplete.cpp
  SemaConsumer.cpp
  SemaCoroutine.cpp
D:\Project\ollvm-tll\tools\clang\lib\Sema\SemaCoroutine.cpp(1,1): warning C4819: 该文件包含不能在当前代码页(936)中表示的字符。请将该文件保存为 Unicode 格式以防止数据丢失
  SemaCUDA.cpp
  SemaDecl.cpp
  SemaDeclCXX.cpp
  SemaDeclObjC.cpp
  SemaExceptionSpec.cpp
  SemaExprCXX.cpp
  SemaExprMember.cpp
  SemaExprObjC.cpp
  SemaFixItUtils.cpp
  SemaInit.cpp
  SemaLambda.cpp
  SemaLookup.cpp
  SemaObjCProperty.cpp
  SemaOpenMP.cpp
  SemaOverload.cpp
  SemaPseudoObject.cpp
  SemaStmt.cpp
  SemaStmtAsm.cpp
  SemaStmtAttr.cpp
  SemaTemplate.cpp
  SemaTemplateDeduction.cpp
  SemaTemplateInstantiate.cpp
  SemaTemplateInstantiateDecl.cpp
  SemaTemplateVariadic.cpp
  SemaType.cpp
  TypeLocBuilder.cpp
  SemaDeclAttr.cpp
  SemaExpr.cpp
  clangSema.vcxproj -> D:\Project\ollvm-tll\build\Release\lib\clangSema.lib
