  Building PPCGenAsmWriter.inc...
  Building PPCGenAsmMatcher.inc...
  Building PPCGenDisassemblerTables.inc...
  Building PPCGenMCCodeEmitter.inc...
  Building PPCGenRegisterInfo.inc...
  Building PPCGenInstrInfo.inc...
  Building PPCGenDAGISel.inc...
  Building PPCGenFastISel.inc...
  Building PPCGenCallingConv.inc...
  Building PPCGenSubtargetInfo.inc...
  Building Custom Rule D:/Project/ollvm-tll/lib/Target/PowerPC/CMakeLists.txt
  Updating PPCGenAsmWriter.inc...
  Updating PPCGenAsmMatcher.inc...
  Updating PPCGenDisassemblerTables.inc...
  Updating PPCGenMCCodeEmitter.inc...
  Updating PPCGenRegisterInfo.inc...
  Updating PPCGenInstrInfo.inc...
  Updating PPCGenDAGISel.inc...
  Updating PPCGenFastISel.inc...
  Updating PPCGenCallingConv.inc...
  Updating PPCGenSubtargetInfo.inc...
